c:\users\pg042344\desktop\project\tab_implementation\automatingfactorypathsettings\automatingfactorypathsettings\debug\vc120.pdb
c:\users\pg042344\desktop\project\tab_implementation\automatingfactorypathsettings\automatingfactorypathsettings\debug\vc120.idb
c:\users\pg042344\desktop\project\tab_implementation\automatingfactorypathsettings\automatingfactorypathsettings\debug\automatingfactorypathsettings.obj
c:\users\pg042344\desktop\project\tab_implementation\automatingfactorypathsettings\automatingfactorypathsettings\debug\automatingfactorypathsettingsdlg.obj
c:\users\pg042344\desktop\project\tab_implementation\automatingfactorypathsettings\automatingfactorypathsettings\debug\factorypath.obj
c:\users\pg042344\desktop\project\tab_implementation\automatingfactorypathsettings\automatingfactorypathsettings\debug\missingdll.obj
c:\users\pg042344\desktop\project\tab_implementation\automatingfactorypathsettings\automatingfactorypathsettings\debug\stdafx.obj
c:\users\pg042344\desktop\project\tab_implementation\automatingfactorypathsettings\debug\automatingfactorypathsettings.ilk
c:\users\pg042344\desktop\project\tab_implementation\automatingfactorypathsettings\debug\automatingfactorypathsettings.exe
c:\users\pg042344\desktop\project\tab_implementation\automatingfactorypathsettings\debug\automatingfactorypathsettings.pdb
c:\users\pg042344\desktop\project\tab_implementation\automatingfactorypathsettings\automatingfactorypathsettings\debug\automatingfactorypathsettings.res
c:\users\pg042344\desktop\project\tab_implementation\automatingfactorypathsettings\automatingfactorypathsettings\debug\automati.d6afe78a.tlog\cl.command.1.tlog
c:\users\pg042344\desktop\project\tab_implementation\automatingfactorypathsettings\automatingfactorypathsettings\debug\automati.d6afe78a.tlog\cl.read.1.tlog
c:\users\pg042344\desktop\project\tab_implementation\automatingfactorypathsettings\automatingfactorypathsettings\debug\automati.d6afe78a.tlog\cl.write.1.tlog
c:\users\pg042344\desktop\project\tab_implementation\automatingfactorypathsettings\automatingfactorypathsettings\debug\automati.d6afe78a.tlog\link.command.1.tlog
c:\users\pg042344\desktop\project\tab_implementation\automatingfactorypathsettings\automatingfactorypathsettings\debug\automati.d6afe78a.tlog\link.read.1.tlog
c:\users\pg042344\desktop\project\tab_implementation\automatingfactorypathsettings\automatingfactorypathsettings\debug\automati.d6afe78a.tlog\link.write.1.tlog
c:\users\pg042344\desktop\project\tab_implementation\automatingfactorypathsettings\automatingfactorypathsettings\debug\automati.d6afe78a.tlog\rc.command.1.tlog
c:\users\pg042344\desktop\project\tab_implementation\automatingfactorypathsettings\automatingfactorypathsettings\debug\automati.d6afe78a.tlog\rc.read.1.tlog
c:\users\pg042344\desktop\project\tab_implementation\automatingfactorypathsettings\automatingfactorypathsettings\debug\automati.d6afe78a.tlog\rc.write.1.tlog
